2021-12-19 08:31:24,557 INFO c.e.d.DemoApplication [main] Starting DemoApplication on host01 with PID 3663 (/root/app/target/classes started by root in /root/app)
2021-12-19 08:31:24,579 DEBUG c.e.d.DemoApplication [main] Running with Spring Boot v2.1.1.RELEASE, Spring v5.1.3.RELEASE
2021-12-19 08:31:24,581 INFO c.e.d.DemoApplication [main] No active profile set, falling back to default profiles: default
2021-12-19 08:31:28,418 INFO c.e.d.DemoApplication [main] Started DemoApplication in 4.465 seconds (JVM running for 5.805)
2021-12-19 08:32:18,821 INFO c.e.d.DemoApplication [main] Starting DemoApplication on host01 with PID 3769 (/root/app/target/classes started by root in /root/app)
2021-12-19 08:32:18,831 DEBUG c.e.d.DemoApplication [main] Running with Spring Boot v2.1.1.RELEASE, Spring v5.1.3.RELEASE
2021-12-19 08:32:18,837 INFO c.e.d.DemoApplication [main] No active profile set, falling back to default profiles: default
2021-12-19 08:32:22,320 INFO c.e.d.DemoApplication [main] Started DemoApplication in 4.031 seconds (JVM running for 5.427)
2021-12-19 08:32:36,061 DEBUG c.e.d.DemoApplication [http-nio-8080-exec-2] null
2021-12-19 08:32:36,064 DEBUG c.e.d.DemoApplication [http-nio-8080-exec-2] This is the value of X: 123
2021-12-19 08:33:07,281 INFO c.e.d.DemoApplication [main] Starting DemoApplication on host01 with PID 3887 (/root/app/target/classes started by root in /root/app)
2021-12-19 08:33:07,293 DEBUG c.e.d.DemoApplication [main] Running with Spring Boot v2.1.1.RELEASE, Spring v5.1.3.RELEASE
2021-12-19 08:33:07,294 INFO c.e.d.DemoApplication [main] No active profile set, falling back to default profiles: default
2021-12-19 08:33:12,619 INFO c.e.d.DemoApplication [main] Started DemoApplication in 6.115 seconds (JVM running for 7.782)
2021-12-19 08:33:25,226 DEBUG c.e.d.DemoApplication [http-nio-8080-exec-6] null
2021-12-19 08:33:25,227 DEBUG c.e.d.DemoApplication [http-nio-8080-exec-6] This is the value of X: 123
2021-12-19 08:34:40,722 INFO c.e.d.DemoApplication [main] Starting DemoApplication on host01 with PID 4013 (/root/app/target/classes started by root in /root/app)
2021-12-19 08:34:40,731 DEBUG c.e.d.DemoApplication [main] Running with Spring Boot v2.1.1.RELEASE, Spring v5.1.3.RELEASE
2021-12-19 08:34:40,734 INFO c.e.d.DemoApplication [main] No active profile set, falling back to default profiles: default
2021-12-19 08:34:43,807 INFO c.e.d.DemoApplication [main] Started DemoApplication in 3.592 seconds (JVM running for 4.856)
2021-12-19 08:35:01,671 DEBUG c.e.d.DemoApplication [http-nio-8080-exec-2] null
2021-12-19 08:35:01,673 DEBUG c.e.d.DemoApplication [http-nio-8080-exec-2] This is the value of X: 123
2021-12-19 08:37:09,095 INFO c.e.d.DemoApplication [main] Starting DemoApplication on host01 with PID 4339 (/root/app/target/classes started by root in /root/app)
2021-12-19 08:37:09,102 DEBUG c.e.d.DemoApplication [main] Running with Spring Boot v2.1.1.RELEASE, Spring v5.1.3.RELEASE
2021-12-19 08:37:09,109 INFO c.e.d.DemoApplication [main] No active profile set, falling back to default profiles: default
2021-12-19 08:37:12,240 INFO c.e.d.DemoApplication [main] Started DemoApplication in 3.68 seconds (JVM running for 4.885)
2021-12-19 08:37:17,313 DEBUG c.e.d.DemoApplication [http-nio-8080-exec-2] null
2021-12-19 08:37:17,314 DEBUG c.e.d.DemoApplication [http-nio-8080-exec-2] API KEY FROM HEADER:test123
2021-12-19 08:37:17,314 DEBUG c.e.d.DemoApplication [http-nio-8080-exec-2] This is the value of X: 123
